<?xml version="1.0" encoding="UTF-8"?>
<testng-results skipped="1" failed="1" total="2" passed="0">
  <reporter-output>
  </reporter-output>
  <suite name="Suite" duration-ms="34478" started-at="2013-04-21T12:25:59Z" finished-at="2013-04-21T12:26:34Z">
    <groups>
      <group name="project">
        <method signature="TC_JIRA_ISSUE_007.JIRA_ISSUE_007(java.lang.String, java.lang.String, java.lang.String, java.lang.String, java.lang.String)[pri:0, instance:com.wonders.testcases.issueFields.TC_JIRA_ISSUE_007@760f48]" name="JIRA_ISSUE_007" class="com.wonders.testcases.issueFields.TC_JIRA_ISSUE_007"/>
      </group> <!-- project -->
      <group name="hard">
        <method signature="TC_JIRA_ISSUE_007.JIRA_ISSUE_007(java.lang.String, java.lang.String, java.lang.String, java.lang.String, java.lang.String)[pri:0, instance:com.wonders.testcases.issueFields.TC_JIRA_ISSUE_007@760f48]" name="JIRA_ISSUE_007" class="com.wonders.testcases.issueFields.TC_JIRA_ISSUE_007"/>
      </group> <!-- hard -->
      <group name="search3">
        <method signature="TC_JIRA_ISSUE_007.JIRA_ISSUE_007(java.lang.String, java.lang.String, java.lang.String, java.lang.String, java.lang.String)[pri:0, instance:com.wonders.testcases.issueFields.TC_JIRA_ISSUE_007@760f48]" name="JIRA_ISSUE_007" class="com.wonders.testcases.issueFields.TC_JIRA_ISSUE_007"/>
      </group> <!-- search3 -->
    </groups>
    <test name="Test" duration-ms="34478" started-at="2013-04-21T12:25:59Z" finished-at="2013-04-21T12:26:34Z">
      <class name="com.wonders.testcases.base.PRE_ACTION">
        <test-method status="PASS" signature="delOldFileData()[pri:0, instance:com.wonders.testcases.base.PRE_ACTION@1bf756b]" name="delOldFileData" is-config="true" duration-ms="11" started-at="2013-04-21T12:25:59Z" finished-at="2013-04-21T12:25:59Z">
        </test-method> <!-- delOldFileData -->
      </class> <!-- com.wonders.testcases.base.PRE_ACTION -->
      <class name="com.wonders.testcases.issueFields.TC_JIRA_ISSUE_007">
        <test-method status="PASS" signature="springTestContextPrepareTestInstance()[pri:0, instance:com.wonders.testcases.issueFields.TC_JIRA_ISSUE_007@760f48]" name="springTestContextPrepareTestInstance" is-config="true" duration-ms="1185" started-at="2013-04-21T12:25:59Z" depends-on-methods="org.springframework.test.context.testng.AbstractTestNGSpringContextTests.springTestContextBeforeTestClass" finished-at="2013-04-21T12:26:00Z">
        </test-method> <!-- springTestContextPrepareTestInstance -->
        <test-method status="PASS" signature="springTestContextBeforeTestClass()[pri:0, instance:com.wonders.testcases.issueFields.TC_JIRA_ISSUE_007@760f48]" name="springTestContextBeforeTestClass" is-config="true" duration-ms="0" started-at="2013-04-21T12:25:59Z" finished-at="2013-04-21T12:25:59Z">
        </test-method> <!-- springTestContextBeforeTestClass -->
        <test-method status="PASS" signature="springTestContextBeforeTestMethod(java.lang.reflect.Method)[pri:0, instance:com.wonders.testcases.issueFields.TC_JIRA_ISSUE_007@760f48]" name="springTestContextBeforeTestMethod" is-config="true" duration-ms="1" started-at="2013-04-21T12:26:01Z" finished-at="2013-04-21T12:26:01Z">
          <params>
            <param index="0">
              <value>
                <![CDATA[public void com.wonders.testcases.issueFields.TC_JIRA_ISSUE_007.JIRA_ISSUE_007(java.lang.String,java.lang.String,java.lang.String,java.lang.String,java.lang.String)]]>
              </value>
            </param>
          </params>
        </test-method> <!-- springTestContextBeforeTestMethod -->
        <test-method status="PASS" signature="setup(java.lang.String)[pri:0, instance:com.wonders.testcases.issueFields.TC_JIRA_ISSUE_007@760f48]" name="setup" is-config="true" duration-ms="15900" started-at="2013-04-21T12:26:01Z" finished-at="2013-04-21T12:26:16Z">
          <params>
            <param index="0">
              <value>
                <![CDATA[Chrome]]>
              </value>
            </param>
          </params>
        </test-method> <!-- setup -->
        <test-method status="FAIL" signature="JIRA_ISSUE_007(java.lang.String, java.lang.String, java.lang.String, java.lang.String, java.lang.String)[pri:0, instance:com.wonders.testcases.issueFields.TC_JIRA_ISSUE_007@760f48]" name="JIRA_ISSUE_007" duration-ms="306" started-at="2013-04-21T12:26:16Z" description="issue查询" data-provider="providerTestData" finished-at="2013-04-21T12:26:17Z">
          <params>
            <param index="0">
              <value>
                <![CDATA[Summary,Environment]]>
              </value>
            </param>
            <param index="1">
              <value>
                <![CDATA[Summary_20130326165637219_a3e347e1-d849-4bd8-af1f-aced38485d31]]>
              </value>
            </param>
            <param index="2">
              <value>
                <![CDATA[In Progress]]>
              </value>
            </param>
            <param index="3">
              <value>
                <![CDATA[admin]]>
              </value>
            </param>
            <param index="4">
              <value>
                <![CDATA[15]]>
              </value>
            </param>
          </params>
          <exception class="org.testng.internal.thread.ThreadTimeoutException">
            <message>
              <![CDATA[Method org.testng.internal.TestNGMethod.JIRA_ISSUE_007() didn't finish within the time-out 300]]>
            </message>
            <full-stacktrace>
              <![CDATA[org.testng.internal.thread.ThreadTimeoutException: Method org.testng.internal.TestNGMethod.JIRA_ISSUE_007() didn't finish within the time-out 300
	at java.net.SocketInputStream.socketRead0(Native Method)
	at java.net.SocketInputStream.read(SocketInputStream.java:150)
	at java.net.SocketInputStream.read(SocketInputStream.java:121)
	at org.apache.http.impl.io.AbstractSessionInputBuffer.fillBuffer(AbstractSessionInputBuffer.java:166)
	at org.apache.http.impl.io.SocketInputBuffer.fillBuffer(SocketInputBuffer.java:90)
	at org.apache.http.impl.io.AbstractSessionInputBuffer.readLine(AbstractSessionInputBuffer.java:281)
	at org.apache.http.impl.conn.DefaultHttpResponseParser.parseHead(DefaultHttpResponseParser.java:92)
	at org.apache.http.impl.conn.DefaultHttpResponseParser.parseHead(DefaultHttpResponseParser.java:62)
	at org.apache.http.impl.io.AbstractMessageParser.parse(AbstractMessageParser.java:254)
	at org.apache.http.impl.AbstractHttpClientConnection.receiveResponseHeader(AbstractHttpClientConnection.java:289)
	at org.apache.http.impl.conn.DefaultClientConnection.receiveResponseHeader(DefaultClientConnection.java:252)
	at org.apache.http.impl.conn.AbstractClientConnAdapter.receiveResponseHeader(AbstractClientConnAdapter.java:219)
	at org.apache.http.protocol.HttpRequestExecutor.doReceiveResponse(HttpRequestExecutor.java:300)
	at org.apache.http.protocol.HttpRequestExecutor.execute(HttpRequestExecutor.java:127)
	at org.apache.http.impl.client.DefaultRequestDirector.tryExecute(DefaultRequestDirector.java:712)
	at org.apache.http.impl.client.DefaultRequestDirector.execute(DefaultRequestDirector.java:517)
	at org.apache.http.impl.client.AbstractHttpClient.execute(AbstractHttpClient.java:906)
	at org.openqa.selenium.remote.HttpCommandExecutor.fallBackExecute(HttpCommandExecutor.java:316)
	at org.openqa.selenium.remote.HttpCommandExecutor.execute(HttpCommandExecutor.java:295)
	at org.openqa.selenium.remote.service.DriverCommandExecutor.execute(DriverCommandExecutor.java:66)
	at org.openqa.selenium.remote.RemoteWebDriver.execute(RemoteWebDriver.java:527)
	at org.openqa.selenium.remote.RemoteWebElement.execute(RemoteWebElement.java:268)
	at org.openqa.selenium.remote.RemoteWebElement.sendKeys(RemoteWebElement.java:89)
	at browser.webdriver.GenericRemoteWebElement.sendKeys(GenericRemoteWebElement.java:80)
	at browser.webdriver.GenericRemoteWebElement.appendText(GenericRemoteWebElement.java:96)
	at browser.webdriver.GenericRemoteWebElement.typeText(GenericRemoteWebElement.java:86)
	at com.wonders.service.base.LoginPageService.login(LoginPageService.java:10)
	at com.wonders.testcases.issueFields.TC_JIRA_ISSUE_007.JIRA_ISSUE_007(TC_JIRA_ISSUE_007.java:55)
	at sun.reflect.NativeMethodAccessorImpl.invoke0(Native Method)
	at sun.reflect.NativeMethodAccessorImpl.invoke(NativeMethodAccessorImpl.java:57)
	at sun.reflect.DelegatingMethodAccessorImpl.invoke(DelegatingMethodAccessorImpl.java:43)
	at java.lang.reflect.Method.invoke(Method.java:601)
	at org.testng.internal.MethodInvocationHelper.invokeMethod(MethodInvocationHelper.java:80)
	at org.testng.internal.InvokeMethodRunnable.runOne(InvokeMethodRunnable.java:46)
	at org.testng.internal.InvokeMethodRunnable.run(InvokeMethodRunnable.java:37)
	at java.util.concurrent.Executors$RunnableAdapter.call(Executors.java:471)
	at java.util.concurrent.FutureTask$Sync.innerRun(FutureTask.java:334)
	at java.util.concurrent.FutureTask.run(FutureTask.java:166)
	at java.util.concurrent.ThreadPoolExecutor.runWorker(ThreadPoolExecutor.java:1110)
	at java.util.concurrent.ThreadPoolExecutor$Worker.run(ThreadPoolExecutor.java:603)
	at java.lang.Thread.run(Thread.java:722)
]]>
            </full-stacktrace>
          </exception> <!-- org.testng.internal.thread.ThreadTimeoutException -->
        </test-method> <!-- JIRA_ISSUE_007 -->
        <test-method status="FAIL" signature="cleanup()[pri:0, instance:com.wonders.testcases.issueFields.TC_JIRA_ISSUE_007@760f48]" name="cleanup" is-config="true" duration-ms="0" started-at="2013-04-21T12:26:28Z" finished-at="2013-04-21T12:26:28Z">
          <exception class="org.openqa.selenium.remote.UnreachableBrowserException">
            <message>
              <![CDATA[Error communicating with the remote browser. It may have died.
Build info: version: '2.32.0', revision: '6c40c187d01409a5dc3b7f8251859150c8af0bcb', time: '2013-04-09 10:39:28'
System info: os.name: 'Windows 7', os.arch: 'x86', os.version: '6.1', java.version: '1.7.0_03'
Driver info: driver.version: GenericRemoteWebDriver]]>
            </message>
            <full-stacktrace>
              <![CDATA[org.openqa.selenium.remote.UnreachableBrowserException: Error communicating with the remote browser. It may have died.
Build info: version: '2.32.0', revision: '6c40c187d01409a5dc3b7f8251859150c8af0bcb', time: '2013-04-09 10:39:28'
System info: os.name: 'Windows 7', os.arch: 'x86', os.version: '6.1', java.version: '1.7.0_03'
Driver info: driver.version: GenericRemoteWebDriver
	at org.openqa.selenium.remote.RemoteWebDriver.execute(RemoteWebDriver.java:548)
	at org.openqa.selenium.remote.RemoteWebDriver.execute(RemoteWebDriver.java:569)
	at org.openqa.selenium.remote.RemoteWebDriver.quit(RemoteWebDriver.java:423)
	at browser.webdriver.GenericRemoteWebDriver.quit(GenericRemoteWebDriver.java:65)
	at com.wonders.utils.BaseHome.Quit(BaseHome.java:33)
	at com.wonders.testcases.issueFields.TC_JIRA_ISSUE_007.cleanup(TC_JIRA_ISSUE_007.java:35)
	at sun.reflect.NativeMethodAccessorImpl.invoke0(Native Method)
	at sun.reflect.NativeMethodAccessorImpl.invoke(NativeMethodAccessorImpl.java:57)
	at sun.reflect.DelegatingMethodAccessorImpl.invoke(DelegatingMethodAccessorImpl.java:43)
	at java.lang.reflect.Method.invoke(Method.java:601)
	at org.testng.internal.MethodInvocationHelper.invokeMethod(MethodInvocationHelper.java:80)
	at org.testng.internal.Invoker.invokeConfigurationMethod(Invoker.java:551)
	at org.testng.internal.Invoker.invokeConfigurations(Invoker.java:213)
	at org.testng.internal.Invoker.invokeMethod(Invoker.java:783)
	at org.testng.internal.Invoker.invokeTestMethod(Invoker.java:894)
	at org.testng.internal.Invoker.invokeTestMethods(Invoker.java:1219)
	at org.testng.internal.TestMethodWorker.invokeTestMethods(TestMethodWorker.java:127)
	at org.testng.internal.TestMethodWorker.run(TestMethodWorker.java:111)
	at org.testng.TestRunner.privateRun(TestRunner.java:768)
	at org.testng.TestRunner.run(TestRunner.java:617)
	at org.testng.SuiteRunner.runTest(SuiteRunner.java:334)
	at org.testng.SuiteRunner.runSequentially(SuiteRunner.java:329)
	at org.testng.SuiteRunner.privateRun(SuiteRunner.java:291)
	at org.testng.SuiteRunner.run(SuiteRunner.java:240)
	at org.testng.SuiteRunnerWorker.runSuite(SuiteRunnerWorker.java:53)
	at org.testng.SuiteRunnerWorker.run(SuiteRunnerWorker.java:87)
	at org.testng.TestNG.runSuitesSequentially(TestNG.java:1188)
	at org.testng.TestNG.runSuitesLocally(TestNG.java:1113)
	at org.testng.TestNG.run(TestNG.java:1025)
	at org.apache.maven.surefire.testng.TestNGExecutor.run(TestNGExecutor.java:74)
	at org.apache.maven.surefire.testng.TestNGXmlTestSuite.execute(TestNGXmlTestSuite.java:92)
	at org.apache.maven.surefire.Surefire.run(Surefire.java:180)
	at sun.reflect.NativeMethodAccessorImpl.invoke0(Native Method)
	at sun.reflect.NativeMethodAccessorImpl.invoke(NativeMethodAccessorImpl.java:57)
	at sun.reflect.DelegatingMethodAccessorImpl.invoke(DelegatingMethodAccessorImpl.java:43)
	at java.lang.reflect.Method.invoke(Method.java:601)
	at org.apache.maven.surefire.booter.SurefireBooter.runSuitesInProcess(SurefireBooter.java:350)
	at org.apache.maven.surefire.booter.SurefireBooter.main(SurefireBooter.java:1021)
Caused by: org.openqa.selenium.WebDriverException: org.apache.http.conn.HttpHostConnectException: Connection to http://localhost:15001 refused
Build info: version: '2.32.0', revision: '6c40c187d01409a5dc3b7f8251859150c8af0bcb', time: '2013-04-09 10:39:28'
System info: os.name: 'Windows 7', os.arch: 'x86', os.version: '6.1', java.version: '1.7.0_03'
Driver info: driver.version: GenericRemoteWebDriver
	at org.openqa.selenium.remote.service.DriverCommandExecutor.execute(DriverCommandExecutor.java:75)
	at org.openqa.selenium.remote.RemoteWebDriver.execute(RemoteWebDriver.java:527)
	... 37 more
Caused by: org.apache.http.conn.HttpHostConnectException: Connection to http://localhost:15001 refused
	at org.apache.http.impl.conn.DefaultClientConnectionOperator.openConnection(DefaultClientConnectionOperator.java:190)
	at org.apache.http.impl.conn.AbstractPoolEntry.open(AbstractPoolEntry.java:151)
	at org.apache.http.impl.conn.AbstractPooledConnAdapter.open(AbstractPooledConnAdapter.java:125)
	at org.apache.http.impl.client.DefaultRequestDirector.tryExecute(DefaultRequestDirector.java:701)
	at org.apache.http.impl.client.DefaultRequestDirector.execute(DefaultRequestDirector.java:517)
	at org.apache.http.impl.client.AbstractHttpClient.execute(AbstractHttpClient.java:906)
	at org.openqa.selenium.remote.HttpCommandExecutor.fallBackExecute(HttpCommandExecutor.java:316)
	at org.openqa.selenium.remote.HttpCommandExecutor.execute(HttpCommandExecutor.java:295)
	at org.openqa.selenium.remote.service.DriverCommandExecutor.execute(DriverCommandExecutor.java:66)
	... 38 more
Caused by: java.net.ConnectException: Connection refused: connect
	at java.net.DualStackPlainSocketImpl.waitForConnect(Native Method)
	at java.net.DualStackPlainSocketImpl.socketConnect(DualStackPlainSocketImpl.java:75)
	at java.net.AbstractPlainSocketImpl.doConnect(AbstractPlainSocketImpl.java:339)
	at java.net.AbstractPlainSocketImpl.connectToAddress(AbstractPlainSocketImpl.java:200)
	at java.net.AbstractPlainSocketImpl.connect(AbstractPlainSocketImpl.java:182)
	at java.net.PlainSocketImpl.connect(PlainSocketImpl.java:157)
	at java.net.SocksSocketImpl.connect(SocksSocketImpl.java:391)
	at java.net.Socket.connect(Socket.java:579)
	at org.apache.http.conn.scheme.PlainSocketFactory.connectSocket(PlainSocketFactory.java:127)
	at org.apache.http.impl.conn.DefaultClientConnectionOperator.openConnection(DefaultClientConnectionOperator.java:180)
	... 46 more
]]>
            </full-stacktrace>
          </exception> <!-- org.openqa.selenium.remote.UnreachableBrowserException -->
        </test-method> <!-- cleanup -->
        <test-method status="PASS" signature="springTestContextAfterTestMethod(java.lang.reflect.Method)[pri:0, instance:com.wonders.testcases.issueFields.TC_JIRA_ISSUE_007@760f48]" name="springTestContextAfterTestMethod" is-config="true" duration-ms="1" started-at="2013-04-21T12:26:34Z" finished-at="2013-04-21T12:26:34Z">
          <params>
            <param index="0">
              <value>
                <![CDATA[public void com.wonders.testcases.issueFields.TC_JIRA_ISSUE_007.JIRA_ISSUE_007(java.lang.String,java.lang.String,java.lang.String,java.lang.String,java.lang.String)]]>
              </value>
            </param>
          </params>
        </test-method> <!-- springTestContextAfterTestMethod -->
        <test-method status="PASS" signature="springTestContextBeforeTestMethod(java.lang.reflect.Method)[pri:0, instance:com.wonders.testcases.issueFields.TC_JIRA_ISSUE_007@760f48]" name="springTestContextBeforeTestMethod" is-config="true" duration-ms="0" started-at="2013-04-21T12:26:34Z" finished-at="2013-04-21T12:26:34Z">
          <params>
            <param index="0">
              <value>
                <![CDATA[public void com.wonders.testcases.issueFields.TC_JIRA_ISSUE_007.JIRA_ISSUE_007(java.lang.String,java.lang.String,java.lang.String,java.lang.String,java.lang.String)]]>
              </value>
            </param>
          </params>
        </test-method> <!-- springTestContextBeforeTestMethod -->
        <test-method status="SKIP" signature="setup(java.lang.String)[pri:0, instance:com.wonders.testcases.issueFields.TC_JIRA_ISSUE_007@760f48]" name="setup" is-config="true" duration-ms="0" started-at="2013-04-21T12:26:34Z" finished-at="2013-04-21T12:26:34Z">
        </test-method> <!-- setup -->
        <test-method status="PASS" signature="springTestContextAfterTestClass()[pri:0, instance:com.wonders.testcases.issueFields.TC_JIRA_ISSUE_007@760f48]" name="springTestContextAfterTestClass" is-config="true" duration-ms="1" started-at="2013-04-21T12:26:34Z" finished-at="2013-04-21T12:26:34Z">
        </test-method> <!-- springTestContextAfterTestClass -->
        <test-method status="PASS" signature="springTestContextAfterTestMethod(java.lang.reflect.Method)[pri:0, instance:com.wonders.testcases.issueFields.TC_JIRA_ISSUE_007@760f48]" name="springTestContextAfterTestMethod" is-config="true" duration-ms="0" started-at="2013-04-21T12:26:34Z" finished-at="2013-04-21T12:26:34Z">
          <params>
            <param index="0">
              <value>
                <![CDATA[public void com.wonders.testcases.issueFields.TC_JIRA_ISSUE_007.JIRA_ISSUE_007(java.lang.String,java.lang.String,java.lang.String,java.lang.String,java.lang.String)]]>
              </value>
            </param>
          </params>
        </test-method> <!-- springTestContextAfterTestMethod -->
        <test-method status="SKIP" signature="cleanup()[pri:0, instance:com.wonders.testcases.issueFields.TC_JIRA_ISSUE_007@760f48]" name="cleanup" is-config="true" duration-ms="0" started-at="2013-04-21T12:26:34Z" finished-at="2013-04-21T12:26:34Z">
        </test-method> <!-- cleanup -->
        <test-method status="SKIP" signature="JIRA_ISSUE_007(java.lang.String, java.lang.String, java.lang.String, java.lang.String, java.lang.String)[pri:0, instance:com.wonders.testcases.issueFields.TC_JIRA_ISSUE_007@760f48]" name="JIRA_ISSUE_007" duration-ms="0" started-at="2013-04-21T12:26:34Z" description="issue查询" data-provider="providerTestData" finished-at="2013-04-21T12:26:34Z">
          <params>
            <param index="0">
              <value>
                <![CDATA[Summary,Environment]]>
              </value>
            </param>
            <param index="1">
              <value>
                <![CDATA[]]>
              </value>
            </param>
            <param index="2">
              <value>
                <![CDATA[In Progress,Open,Reopened,Resolved,Closed]]>
              </value>
            </param>
            <param index="3">
              <value>
                <![CDATA[user1]]>
              </value>
            </param>
            <param index="4">
              <value>
                <![CDATA[1]]>
              </value>
            </param>
          </params>
        </test-method> <!-- JIRA_ISSUE_007 -->
      </class> <!-- com.wonders.testcases.issueFields.TC_JIRA_ISSUE_007 -->
    </test> <!-- Test -->
  </suite> <!-- Suite -->
</testng-results>
