<?xml version="1.0" encoding="UTF-8"?>
<testsuite name="Test"
           tests="3"
           failures="1"
           errors="0"
           skipped="2"
           time="0.010">
  <properties />
            <testcase name="setup" time="0.000" classname="com.wonders.testcases.issueFields.TC_JIRA_ISSUE_001">
                <failure type="org.openqa.selenium.remote.SessionNotFoundException"
                  message="Unexpected error launching Internet Explorer. Could not get document from window handle (WARNING: The server did not provide any stacktrace information)
Command duration or timeout: 23.66 seconds
Build info: version: &apos;2.31.0&apos;, revision: &apos;1bd294d185a80fa4206dfeab80ba773c04ac33c0&apos;, time: &apos;2013-02-27 13:51:26&apos;
System info: os.name: &apos;Windows 7&apos;, os.arch: &apos;x86&apos;, os.version: &apos;6.1&apos;, java.version: &apos;1.7.0_03&apos;
Driver info: org.openqa.selenium.ie.InternetExplorerDriver"
              >
<![CDATA[org.openqa.selenium.remote.SessionNotFoundException: Unexpected error launching Internet Explorer. Could not get document from window handle (WARNING: The server did not provide any stacktrace information)
Command duration or timeout: 23.66 seconds
Build info: version: '2.31.0', revision: '1bd294d185a80fa4206dfeab80ba773c04ac33c0', time: '2013-02-27 13:51:26'
System info: os.name: 'Windows 7', os.arch: 'x86', os.version: '6.1', java.version: '1.7.0_03'
Driver info: org.openqa.selenium.ie.InternetExplorerDriver
  sun.reflect.NativeConstructorAccessorImpl.newInstance0(Native Method)
  sun.reflect.NativeConstructorAccessorImpl.newInstance(NativeConstructorAccessorImpl.java:57)
  sun.reflect.DelegatingConstructorAccessorImpl.newInstance(DelegatingConstructorAccessorImpl.java:45)
  java.lang.reflect.Constructor.newInstance(Constructor.java:525)
  org.openqa.selenium.remote.ErrorHandler.createThrowable(ErrorHandler.java:187)
  org.openqa.selenium.remote.ErrorHandler.throwIfResponseFailed(ErrorHandler.java:151)
  org.openqa.selenium.remote.RemoteWebDriver.execute(RemoteWebDriver.java:554)
  org.openqa.selenium.remote.RemoteWebDriver.startSession(RemoteWebDriver.java:216)
  org.openqa.selenium.remote.RemoteWebDriver.startSession(RemoteWebDriver.java:201)
  org.openqa.selenium.ie.InternetExplorerDriver.setup(InternetExplorerDriver.java:105)
  org.openqa.selenium.ie.InternetExplorerDriver.<init>(InternetExplorerDriver.java:59)
  browser.webdriver.GenericRemoteWebDriverFactory.getGenericRemoteInternetExplorerDriver(GenericRemoteWebDriverFactory.java:146)
  browser.webdriver.GenericRemoteWebDriverFactory.getGenericRemoteWebDriver(GenericRemoteWebDriverFactory.java:63)
  browser.common.GenericWebDriverFactory.getGenericWebDriver(GenericWebDriverFactory.java:17)
  browser.common.GenericWebDriverFactory.getGenericWebDriver(GenericWebDriverFactory.java:23)
  com.wonders.utils.BaseHome.Launch(BaseHome.java:20)
  com.wonders.testcases.issueFields.TC_JIRA_ISSUE_001.setup(TC_JIRA_ISSUE_001.java:21)
  sun.reflect.NativeMethodAccessorImpl.invoke0(Native Method)
  sun.reflect.NativeMethodAccessorImpl.invoke(NativeMethodAccessorImpl.java:57)
  sun.reflect.DelegatingMethodAccessorImpl.invoke(DelegatingMethodAccessorImpl.java:43)
  java.lang.reflect.Method.invoke(Method.java:601)
  org.testng.internal.MethodInvocationHelper.invokeMethod(MethodInvocationHelper.java:80)
  org.testng.internal.Invoker.invokeConfigurationMethod(Invoker.java:564)
  org.testng.internal.Invoker.invokeConfigurations(Invoker.java:213)
  org.testng.internal.Invoker.invokeMethod(Invoker.java:653)
  org.testng.internal.Invoker.invokeTestMethod(Invoker.java:901)
  org.testng.internal.Invoker.invokeTestMethods(Invoker.java:1231)
  org.testng.internal.TestMethodWorker.invokeTestMethods(TestMethodWorker.java:128)
  org.testng.internal.TestMethodWorker.run(TestMethodWorker.java:111)
  java.util.concurrent.ThreadPoolExecutor.runWorker(ThreadPoolExecutor.java:1110)
  java.util.concurrent.ThreadPoolExecutor$Worker.run(ThreadPoolExecutor.java:603)
  java.lang.Thread.run(Thread.java:722)
]]>
      </failure>

          </testcase>
  
            <testcase name="cleanup" time="0.0" classname="com.wonders.testcases.issueFields.TC_JIRA_ISSUE_001">
          <skipped />
    </testcase>
            <testcase name="JIRA_ISSUE_001" time="0.0" classname="com.wonders.testcases.issueFields.TC_JIRA_ISSUE_001">
          <skipped />
    </testcase>
  
  
</testsuite>
