<?xml version="1.0" encoding="UTF-8"?>
<testsuite name="Test"
           tests="1"
           failures="1"
           errors="0"
           skipped="0"
           time="63.375">
  <properties />
            <testcase name="JIRA_BASE_004" time="63.375" classname="com.wonders.testcases.base.TC_JIRA_BASE_004">
                <failure type="exceptions.NoSuchElementException"
                  message="Unable to find elment(s) by xpath=.//input[@value=&apos;²âÊÔAlterError&apos; and @type=&apos;button&apos;]|.//button[@value=&apos;²âÊÔAlterError&apos; and @type=&apos;button&apos;]|.//input[@value=&apos;²âÊÔAlterError&apos; and @type=&apos;reset&apos;]"
              >
<![CDATA[exceptions.NoSuchElementException: Unable to find elment(s) by xpath=.//input[@value='²âÊÔAlterError' and @type='button']|.//button[@value='²âÊÔAlterError' and @type='button']|.//input[@value='²âÊÔAlterError' and @type='reset']
  browser.webdriver.GenericRemoteSearchContext.findElements(GenericRemoteSearchContext.java:119)
  browser.webdriver.GenericRemoteSearchContext.findButtons(GenericRemoteSearchContext.java:171)
  browser.webdriver.GenericRemoteSearchContext.findButton(GenericRemoteSearchContext.java:153)
  browser.webdriver.GenericRemoteSearchContext.findButton(GenericRemoteSearchContext.java:1)
  com.wonders.pagewrapper.base.SelfPage.btnAlterError(SelfPage.java:15)
  com.wonders.service.base.SelfPageService.clickAlterError(SelfPageService.java:17)
  com.wonders.service.base.SelfPageService.checkAlterError(SelfPageService.java:46)
  com.wonders.testcases.base.TC_JIRA_BASE_004.JIRA_BASE_004(TC_JIRA_BASE_004.java:39)
  sun.reflect.NativeMethodAccessorImpl.invoke0(Native Method)
  sun.reflect.NativeMethodAccessorImpl.invoke(NativeMethodAccessorImpl.java:57)
  sun.reflect.DelegatingMethodAccessorImpl.invoke(DelegatingMethodAccessorImpl.java:43)
  java.lang.reflect.Method.invoke(Method.java:601)
  org.testng.internal.MethodInvocationHelper.invokeMethod(MethodInvocationHelper.java:80)
  org.testng.internal.Invoker.invokeMethod(Invoker.java:714)
  org.testng.internal.Invoker.invokeTestMethod(Invoker.java:901)
  org.testng.internal.Invoker.invokeTestMethods(Invoker.java:1231)
  org.testng.internal.TestMethodWorker.invokeTestMethods(TestMethodWorker.java:128)
  org.testng.internal.TestMethodWorker.run(TestMethodWorker.java:111)
  org.testng.TestRunner.privateRun(TestRunner.java:767)
  org.testng.TestRunner.run(TestRunner.java:617)
  org.testng.SuiteRunner.runTest(SuiteRunner.java:334)
  org.testng.SuiteRunner.runSequentially(SuiteRunner.java:329)
  org.testng.SuiteRunner.privateRun(SuiteRunner.java:291)
  org.testng.SuiteRunner.run(SuiteRunner.java:240)
  org.testng.SuiteRunnerWorker.runSuite(SuiteRunnerWorker.java:52)
  org.testng.SuiteRunnerWorker.run(SuiteRunnerWorker.java:86)
  org.testng.TestNG.runSuitesSequentially(TestNG.java:1203)
  org.testng.TestNG.runSuitesLocally(TestNG.java:1128)
  org.testng.TestNG.run(TestNG.java:1036)
  org.testng.remote.RemoteTestNG.run(RemoteTestNG.java:111)
  org.testng.remote.RemoteTestNG.initAndRun(RemoteTestNG.java:204)
  org.testng.remote.RemoteTestNG.main(RemoteTestNG.java:175)
]]>
      </failure>

          </testcase>
  
  
  
</testsuite>
