<?xml version="1.0" encoding="UTF-8"?>
<testng-results skipped="0" failed="3" total="3" passed="0">
  <reporter-output>
  </reporter-output>
  <suite name="Suite" duration-ms="54013" started-at="2013-05-01T10:39:48Z" finished-at="2013-05-01T10:40:42Z">
    <groups>
      <group name="easy">
        <method signature="TC_JIRA_BASE_001.JIRA_BASE_001(java.lang.String)[pri:0, instance:com.wonders.testcases.base.TC_JIRA_BASE_001@4d834f]" name="JIRA_BASE_001" class="com.wonders.testcases.base.TC_JIRA_BASE_001"/>
        <method signature="TC_JIRA_BASE_002.JIRA_BASE_002()[pri:0, instance:com.wonders.testcases.base.TC_JIRA_BASE_002@5ed60f]" name="JIRA_BASE_002" class="com.wonders.testcases.base.TC_JIRA_BASE_002"/>
      </group> <!-- easy -->
      <group name="normal">
        <method signature="TC_JIRA_BASE_003.JIRA_BASE_003()[pri:0, instance:com.wonders.testcases.base.TC_JIRA_BASE_003@175e354]" name="JIRA_BASE_003" class="com.wonders.testcases.base.TC_JIRA_BASE_003"/>
      </group> <!-- normal -->
      <group name="base">
        <method signature="TC_JIRA_BASE_001.JIRA_BASE_001(java.lang.String)[pri:0, instance:com.wonders.testcases.base.TC_JIRA_BASE_001@4d834f]" name="JIRA_BASE_001" class="com.wonders.testcases.base.TC_JIRA_BASE_001"/>
        <method signature="TC_JIRA_BASE_002.JIRA_BASE_002()[pri:0, instance:com.wonders.testcases.base.TC_JIRA_BASE_002@5ed60f]" name="JIRA_BASE_002" class="com.wonders.testcases.base.TC_JIRA_BASE_002"/>
        <method signature="TC_JIRA_BASE_003.JIRA_BASE_003()[pri:0, instance:com.wonders.testcases.base.TC_JIRA_BASE_003@175e354]" name="JIRA_BASE_003" class="com.wonders.testcases.base.TC_JIRA_BASE_003"/>
      </group> <!-- base -->
      <group name="checkVer">
        <method signature="TC_JIRA_BASE_001.JIRA_BASE_001(java.lang.String)[pri:0, instance:com.wonders.testcases.base.TC_JIRA_BASE_001@4d834f]" name="JIRA_BASE_001" class="com.wonders.testcases.base.TC_JIRA_BASE_001"/>
      </group> <!-- checkVer -->
      <group name="test2">
        <method signature="TC_JIRA_BASE_002.JIRA_BASE_002()[pri:0, instance:com.wonders.testcases.base.TC_JIRA_BASE_002@5ed60f]" name="JIRA_BASE_002" class="com.wonders.testcases.base.TC_JIRA_BASE_002"/>
      </group> <!-- test2 -->
      <group name="test3">
        <method signature="TC_JIRA_BASE_003.JIRA_BASE_003()[pri:0, instance:com.wonders.testcases.base.TC_JIRA_BASE_003@175e354]" name="JIRA_BASE_003" class="com.wonders.testcases.base.TC_JIRA_BASE_003"/>
      </group> <!-- test3 -->
    </groups>
    <test name="Test" duration-ms="54013" started-at="2013-05-01T10:39:48Z" finished-at="2013-05-01T10:40:42Z">
      <class name="com.wonders.testcases.base.TC_JIRA_BASE_002">
        <test-method status="PASS" signature="setup(java.lang.String)[pri:0, instance:com.wonders.testcases.base.TC_JIRA_BASE_002@5ed60f]" name="setup" is-config="true" duration-ms="25138" started-at="2013-05-01T18:39:48Z" finished-at="2013-05-01T18:40:13Z">
          <params>
            <param index="0">
              <value>
                <![CDATA[Chrome]]>
              </value>
            </param>
          </params>
          <reporter-output>
          </reporter-output>
        </test-method> <!-- setup -->
        <test-method status="FAIL" signature="JIRA_BASE_002()[pri:0, instance:com.wonders.testcases.base.TC_JIRA_BASE_002@5ed60f]" name="JIRA_BASE_002" duration-ms="110" started-at="2013-05-01T18:40:13Z" description="验证alert，confirm" finished-at="2013-05-01T18:40:13Z">
          <exception class="org.openqa.selenium.NoSuchFrameException">
            <message>
              <![CDATA[The frame could not be found (WARNING: The server did not provide any stacktrace information)
Command duration or timeout: 63 milliseconds
Build info: version: '2.32.0', revision: '6c40c187d01409a5dc3b7f8251859150c8af0bcb', time: '2013-04-09 10:39:28'
System info: os.name: 'Windows 7', os.arch: 'x86', os.version: '6.1', java.version: '1.7.0_03'
Session ID: 39aeea2222ba83bee2779093633cd9e1
Driver info: org.openqa.selenium.chrome.ChromeDriver
Capabilities [{platform=XP, chrome.chromedriverVersion=23.0.1240.0, acceptSslCerts=false, javascriptEnabled=true, browserName=chrome, rotatable=false, locationContextEnabled=false, version=26.0.1410.64, cssSelectorsEnabled=true, databaseEnabled=false, handlesAlerts=true, browserConnectionEnabled=false, nativeEvents=true, webStorageEnabled=true, chrome.nativeEvents=false, applicationCacheEnabled=false, takesScreenshot=true}]]]>
            </message>
            <full-stacktrace>
              <![CDATA[org.openqa.selenium.NoSuchFrameException: The frame could not be found (WARNING: The server did not provide any stacktrace information)
Command duration or timeout: 63 milliseconds
Build info: version: '2.32.0', revision: '6c40c187d01409a5dc3b7f8251859150c8af0bcb', time: '2013-04-09 10:39:28'
System info: os.name: 'Windows 7', os.arch: 'x86', os.version: '6.1', java.version: '1.7.0_03'
Session ID: 39aeea2222ba83bee2779093633cd9e1
Driver info: org.openqa.selenium.chrome.ChromeDriver
Capabilities [{platform=XP, chrome.chromedriverVersion=23.0.1240.0, acceptSslCerts=false, javascriptEnabled=true, browserName=chrome, rotatable=false, locationContextEnabled=false, version=26.0.1410.64, cssSelectorsEnabled=true, databaseEnabled=false, handlesAlerts=true, browserConnectionEnabled=false, nativeEvents=true, webStorageEnabled=true, chrome.nativeEvents=false, applicationCacheEnabled=false, takesScreenshot=true}]
	at sun.reflect.NativeConstructorAccessorImpl.newInstance0(Native Method)
	at sun.reflect.NativeConstructorAccessorImpl.newInstance(NativeConstructorAccessorImpl.java:57)
	at sun.reflect.DelegatingConstructorAccessorImpl.newInstance(DelegatingConstructorAccessorImpl.java:45)
	at java.lang.reflect.Constructor.newInstance(Constructor.java:525)
	at org.openqa.selenium.remote.ErrorHandler.createThrowable(ErrorHandler.java:187)
	at org.openqa.selenium.remote.ErrorHandler.throwIfResponseFailed(ErrorHandler.java:145)
	at org.openqa.selenium.remote.RemoteWebDriver.execute(RemoteWebDriver.java:554)
	at org.openqa.selenium.remote.RemoteWebDriver$RemoteTargetLocator.frame(RemoteWebDriver.java:820)
	at browser.webdriver.GenericRemoteWebDriver.switchToFrame(GenericRemoteWebDriver.java:268)
	at browser.webdriver.GenericRemoteWebDriver.switchToFrame(GenericRemoteWebDriver.java:1)
	at com.wonders.testcases.base.TC_JIRA_BASE_002.JIRA_BASE_002(TC_JIRA_BASE_002.java:46)
	at sun.reflect.NativeMethodAccessorImpl.invoke0(Native Method)
	at sun.reflect.NativeMethodAccessorImpl.invoke(NativeMethodAccessorImpl.java:57)
	at sun.reflect.DelegatingMethodAccessorImpl.invoke(DelegatingMethodAccessorImpl.java:43)
	at java.lang.reflect.Method.invoke(Method.java:601)
	at org.testng.internal.MethodInvocationHelper.invokeMethod(MethodInvocationHelper.java:80)
	at org.testng.internal.Invoker.invokeMethod(Invoker.java:714)
	at org.testng.internal.Invoker.invokeTestMethod(Invoker.java:901)
	at org.testng.internal.Invoker.invokeTestMethods(Invoker.java:1231)
	at org.testng.internal.TestMethodWorker.invokeTestMethods(TestMethodWorker.java:128)
	at org.testng.internal.TestMethodWorker.run(TestMethodWorker.java:111)
	at java.util.concurrent.ThreadPoolExecutor.runWorker(ThreadPoolExecutor.java:1110)
	at java.util.concurrent.ThreadPoolExecutor$Worker.run(ThreadPoolExecutor.java:603)
	at java.lang.Thread.run(Thread.java:722)
]]>
            </full-stacktrace>
          </exception> <!-- org.openqa.selenium.NoSuchFrameException -->
          <reporter-output>
          </reporter-output>
        </test-method> <!-- JIRA_BASE_002 -->
        <test-method status="PASS" signature="cleanup()[pri:0, instance:com.wonders.testcases.base.TC_JIRA_BASE_002@5ed60f]" name="cleanup" is-config="true" duration-ms="1964" started-at="2013-05-01T18:40:14Z" finished-at="2013-05-01T18:40:16Z">
          <reporter-output>
          </reporter-output>
        </test-method> <!-- cleanup -->
      </class> <!-- com.wonders.testcases.base.TC_JIRA_BASE_002 -->
      <class name="com.wonders.testcases.base.TC_JIRA_BASE_003">
        <test-method status="PASS" signature="setup(java.lang.String)[pri:0, instance:com.wonders.testcases.base.TC_JIRA_BASE_003@175e354]" name="setup" is-config="true" duration-ms="23339" started-at="2013-05-01T18:40:16Z" finished-at="2013-05-01T18:40:40Z">
          <params>
            <param index="0">
              <value>
                <![CDATA[Chrome]]>
              </value>
            </param>
          </params>
          <reporter-output>
          </reporter-output>
        </test-method> <!-- setup -->
        <test-method status="FAIL" signature="JIRA_BASE_003()[pri:0, instance:com.wonders.testcases.base.TC_JIRA_BASE_003@175e354]" name="JIRA_BASE_003" duration-ms="19" started-at="2013-05-01T18:40:40Z" description="验证ajax" finished-at="2013-05-01T18:40:40Z">
          <exception class="org.openqa.selenium.NoSuchFrameException">
            <message>
              <![CDATA[The frame could not be found (WARNING: The server did not provide any stacktrace information)
Command duration or timeout: 14 milliseconds
Build info: version: '2.32.0', revision: '6c40c187d01409a5dc3b7f8251859150c8af0bcb', time: '2013-04-09 10:39:28'
System info: os.name: 'Windows 7', os.arch: 'x86', os.version: '6.1', java.version: '1.7.0_03'
Session ID: 87a822f45feaf6984bcf1a89529c07c9
Driver info: org.openqa.selenium.chrome.ChromeDriver
Capabilities [{platform=XP, chrome.chromedriverVersion=23.0.1240.0, acceptSslCerts=false, javascriptEnabled=true, browserName=chrome, rotatable=false, locationContextEnabled=false, version=26.0.1410.64, cssSelectorsEnabled=true, databaseEnabled=false, handlesAlerts=true, browserConnectionEnabled=false, nativeEvents=true, webStorageEnabled=true, chrome.nativeEvents=false, applicationCacheEnabled=false, takesScreenshot=true}]]]>
            </message>
            <full-stacktrace>
              <![CDATA[org.openqa.selenium.NoSuchFrameException: The frame could not be found (WARNING: The server did not provide any stacktrace information)
Command duration or timeout: 14 milliseconds
Build info: version: '2.32.0', revision: '6c40c187d01409a5dc3b7f8251859150c8af0bcb', time: '2013-04-09 10:39:28'
System info: os.name: 'Windows 7', os.arch: 'x86', os.version: '6.1', java.version: '1.7.0_03'
Session ID: 87a822f45feaf6984bcf1a89529c07c9
Driver info: org.openqa.selenium.chrome.ChromeDriver
Capabilities [{platform=XP, chrome.chromedriverVersion=23.0.1240.0, acceptSslCerts=false, javascriptEnabled=true, browserName=chrome, rotatable=false, locationContextEnabled=false, version=26.0.1410.64, cssSelectorsEnabled=true, databaseEnabled=false, handlesAlerts=true, browserConnectionEnabled=false, nativeEvents=true, webStorageEnabled=true, chrome.nativeEvents=false, applicationCacheEnabled=false, takesScreenshot=true}]
	at sun.reflect.NativeConstructorAccessorImpl.newInstance0(Native Method)
	at sun.reflect.NativeConstructorAccessorImpl.newInstance(NativeConstructorAccessorImpl.java:57)
	at sun.reflect.DelegatingConstructorAccessorImpl.newInstance(DelegatingConstructorAccessorImpl.java:45)
	at java.lang.reflect.Constructor.newInstance(Constructor.java:525)
	at org.openqa.selenium.remote.ErrorHandler.createThrowable(ErrorHandler.java:187)
	at org.openqa.selenium.remote.ErrorHandler.throwIfResponseFailed(ErrorHandler.java:145)
	at org.openqa.selenium.remote.RemoteWebDriver.execute(RemoteWebDriver.java:554)
	at org.openqa.selenium.remote.RemoteWebDriver$RemoteTargetLocator.frame(RemoteWebDriver.java:820)
	at browser.webdriver.GenericRemoteWebDriver.switchToFrame(GenericRemoteWebDriver.java:268)
	at browser.webdriver.GenericRemoteWebDriver.switchToFrame(GenericRemoteWebDriver.java:1)
	at com.wonders.testcases.base.TC_JIRA_BASE_003.JIRA_BASE_003(TC_JIRA_BASE_003.java:46)
	at sun.reflect.NativeMethodAccessorImpl.invoke0(Native Method)
	at sun.reflect.NativeMethodAccessorImpl.invoke(NativeMethodAccessorImpl.java:57)
	at sun.reflect.DelegatingMethodAccessorImpl.invoke(DelegatingMethodAccessorImpl.java:43)
	at java.lang.reflect.Method.invoke(Method.java:601)
	at org.testng.internal.MethodInvocationHelper.invokeMethod(MethodInvocationHelper.java:80)
	at org.testng.internal.Invoker.invokeMethod(Invoker.java:714)
	at org.testng.internal.Invoker.invokeTestMethod(Invoker.java:901)
	at org.testng.internal.Invoker.invokeTestMethods(Invoker.java:1231)
	at org.testng.internal.TestMethodWorker.invokeTestMethods(TestMethodWorker.java:128)
	at org.testng.internal.TestMethodWorker.run(TestMethodWorker.java:111)
	at java.util.concurrent.ThreadPoolExecutor.runWorker(ThreadPoolExecutor.java:1110)
	at java.util.concurrent.ThreadPoolExecutor$Worker.run(ThreadPoolExecutor.java:603)
	at java.lang.Thread.run(Thread.java:722)
]]>
            </full-stacktrace>
          </exception> <!-- org.openqa.selenium.NoSuchFrameException -->
          <reporter-output>
          </reporter-output>
        </test-method> <!-- JIRA_BASE_003 -->
        <test-method status="PASS" signature="cleanup()[pri:0, instance:com.wonders.testcases.base.TC_JIRA_BASE_003@175e354]" name="cleanup" is-config="true" duration-ms="1422" started-at="2013-05-01T18:40:40Z" finished-at="2013-05-01T18:40:42Z">
          <reporter-output>
          </reporter-output>
        </test-method> <!-- cleanup -->
      </class> <!-- com.wonders.testcases.base.TC_JIRA_BASE_003 -->
      <class name="com.wonders.testcases.base.TC_JIRA_BASE_001">
        <test-method status="PASS" signature="setup(java.lang.String)[pri:0, instance:com.wonders.testcases.base.TC_JIRA_BASE_001@4d834f]" name="setup" is-config="true" duration-ms="25136" started-at="2013-05-01T18:39:48Z" finished-at="2013-05-01T18:40:13Z">
          <params>
            <param index="0">
              <value>
                <![CDATA[Chrome]]>
              </value>
            </param>
          </params>
          <reporter-output>
          </reporter-output>
        </test-method> <!-- setup -->
        <test-method status="FAIL" signature="JIRA_BASE_001(java.lang.String)[pri:0, instance:com.wonders.testcases.base.TC_JIRA_BASE_001@4d834f]" name="JIRA_BASE_001" duration-ms="112" started-at="2013-05-01T18:40:13Z" description="登录系统，校验jira版本" finished-at="2013-05-01T18:40:13Z">
          <params>
            <param index="0">
              <value>
                <![CDATA[v5.0.7]]>
              </value>
            </param>
          </params>
          <exception class="org.openqa.selenium.NoSuchFrameException">
            <message>
              <![CDATA[The frame could not be found (WARNING: The server did not provide any stacktrace information)
Command duration or timeout: 65 milliseconds
Build info: version: '2.32.0', revision: '6c40c187d01409a5dc3b7f8251859150c8af0bcb', time: '2013-04-09 10:39:28'
System info: os.name: 'Windows 7', os.arch: 'x86', os.version: '6.1', java.version: '1.7.0_03'
Session ID: cc8712a7d89fb28b332f1b7938726576
Driver info: org.openqa.selenium.chrome.ChromeDriver
Capabilities [{platform=XP, chrome.chromedriverVersion=23.0.1240.0, acceptSslCerts=false, javascriptEnabled=true, browserName=chrome, rotatable=false, locationContextEnabled=false, version=26.0.1410.64, cssSelectorsEnabled=true, databaseEnabled=false, handlesAlerts=true, browserConnectionEnabled=false, nativeEvents=true, webStorageEnabled=true, chrome.nativeEvents=false, applicationCacheEnabled=false, takesScreenshot=true}]]]>
            </message>
            <full-stacktrace>
              <![CDATA[org.openqa.selenium.NoSuchFrameException: The frame could not be found (WARNING: The server did not provide any stacktrace information)
Command duration or timeout: 65 milliseconds
Build info: version: '2.32.0', revision: '6c40c187d01409a5dc3b7f8251859150c8af0bcb', time: '2013-04-09 10:39:28'
System info: os.name: 'Windows 7', os.arch: 'x86', os.version: '6.1', java.version: '1.7.0_03'
Session ID: cc8712a7d89fb28b332f1b7938726576
Driver info: org.openqa.selenium.chrome.ChromeDriver
Capabilities [{platform=XP, chrome.chromedriverVersion=23.0.1240.0, acceptSslCerts=false, javascriptEnabled=true, browserName=chrome, rotatable=false, locationContextEnabled=false, version=26.0.1410.64, cssSelectorsEnabled=true, databaseEnabled=false, handlesAlerts=true, browserConnectionEnabled=false, nativeEvents=true, webStorageEnabled=true, chrome.nativeEvents=false, applicationCacheEnabled=false, takesScreenshot=true}]
	at sun.reflect.NativeConstructorAccessorImpl.newInstance0(Native Method)
	at sun.reflect.NativeConstructorAccessorImpl.newInstance(NativeConstructorAccessorImpl.java:57)
	at sun.reflect.DelegatingConstructorAccessorImpl.newInstance(DelegatingConstructorAccessorImpl.java:45)
	at java.lang.reflect.Constructor.newInstance(Constructor.java:525)
	at org.openqa.selenium.remote.ErrorHandler.createThrowable(ErrorHandler.java:187)
	at org.openqa.selenium.remote.ErrorHandler.throwIfResponseFailed(ErrorHandler.java:145)
	at org.openqa.selenium.remote.RemoteWebDriver.execute(RemoteWebDriver.java:554)
	at org.openqa.selenium.remote.RemoteWebDriver$RemoteTargetLocator.frame(RemoteWebDriver.java:820)
	at browser.webdriver.GenericRemoteWebDriver.switchToFrame(GenericRemoteWebDriver.java:268)
	at browser.webdriver.GenericRemoteWebDriver.switchToFrame(GenericRemoteWebDriver.java:1)
	at com.wonders.pagewrapper.base.LoginPage.swtichToFrame(LoginPage.java:17)
	at com.wonders.service.base.LoginPageService.login(LoginPageService.java:27)
	at com.wonders.testcases.base.TC_JIRA_BASE_001.JIRA_BASE_001(TC_JIRA_BASE_001.java:45)
	at sun.reflect.NativeMethodAccessorImpl.invoke0(Native Method)
	at sun.reflect.NativeMethodAccessorImpl.invoke(NativeMethodAccessorImpl.java:57)
	at sun.reflect.DelegatingMethodAccessorImpl.invoke(DelegatingMethodAccessorImpl.java:43)
	at java.lang.reflect.Method.invoke(Method.java:601)
	at org.testng.internal.MethodInvocationHelper.invokeMethod(MethodInvocationHelper.java:80)
	at org.testng.internal.Invoker.invokeMethod(Invoker.java:714)
	at org.testng.internal.Invoker.invokeTestMethod(Invoker.java:901)
	at org.testng.internal.Invoker.invokeTestMethods(Invoker.java:1231)
	at org.testng.internal.TestMethodWorker.invokeTestMethods(TestMethodWorker.java:128)
	at org.testng.internal.TestMethodWorker.run(TestMethodWorker.java:111)
	at java.util.concurrent.ThreadPoolExecutor.runWorker(ThreadPoolExecutor.java:1110)
	at java.util.concurrent.ThreadPoolExecutor$Worker.run(ThreadPoolExecutor.java:603)
	at java.lang.Thread.run(Thread.java:722)
]]>
            </full-stacktrace>
          </exception> <!-- org.openqa.selenium.NoSuchFrameException -->
          <reporter-output>
          </reporter-output>
        </test-method> <!-- JIRA_BASE_001 -->
        <test-method status="PASS" signature="cleanup()[pri:0, instance:com.wonders.testcases.base.TC_JIRA_BASE_001@4d834f]" name="cleanup" is-config="true" duration-ms="1963" started-at="2013-05-01T18:40:14Z" finished-at="2013-05-01T18:40:16Z">
          <reporter-output>
          </reporter-output>
        </test-method> <!-- cleanup -->
      </class> <!-- com.wonders.testcases.base.TC_JIRA_BASE_001 -->
      <class name="com.wonders.testcases.base.PRE_ACTION">
        <test-method status="PASS" signature="delOldFileData()[pri:0, instance:com.wonders.testcases.base.PRE_ACTION@820ea4]" name="delOldFileData" is-config="true" duration-ms="84" started-at="2013-05-01T18:39:47Z" finished-at="2013-05-01T18:39:48Z">
          <reporter-output>
          </reporter-output>
        </test-method> <!-- delOldFileData -->
      </class> <!-- com.wonders.testcases.base.PRE_ACTION -->
    </test> <!-- Test -->
  </suite> <!-- Suite -->
</testng-results>
