<?xml version="1.0" encoding="UTF-8"?>
<!-- Generated by org.testng.reporters.JUnitReportReporter -->
<testsuite hostname="tester-PC" name="com.wonders.testcases.base.TC_JIRA_BASE_001" tests="1" failures="1" timestamp="15 Apr 2013 08:57:58 GMT" time="0.001" errors="0">
  <testcase name="JIRA_BASE_001" time="0.001" classname="com.wonders.testcases.base.TC_JIRA_BASE_001">
    <failure type="org.openqa.selenium.WebDriverException" message="java.lang.NullPointerException: Unable to find executable for: C:\Program Files\Mozilla Firefox
Build info: version: &#039;2.31.0&#039;, revision: &#039;1bd294d185a80fa4206dfeab80ba773c04ac33c0&#039;, time: &#039;2013-02-27 13:51:26&#039;
System info: os.name: &#039;Windows 7&#039;, os.arch: &#039;x86&#039;, os.version: &#039;6.1&#039;, java.version: &#039;1.7.0_03&#039;
Driver info: driver.version: FirefoxDriver">
      <![CDATA[org.openqa.selenium.WebDriverException: java.lang.NullPointerException: Unable to find executable for: C:\Program Files\Mozilla Firefox
Build info: version: '2.31.0', revision: '1bd294d185a80fa4206dfeab80ba773c04ac33c0', time: '2013-02-27 13:51:26'
System info: os.name: 'Windows 7', os.arch: 'x86', os.version: '6.1', java.version: '1.7.0_03'
Driver info: driver.version: FirefoxDriver
	at org.openqa.selenium.firefox.internal.NewProfileExtensionConnection.start(NewProfileExtensionConnection.java:126)
	at org.openqa.selenium.firefox.FirefoxDriver.startClient(FirefoxDriver.java:244)
	at org.openqa.selenium.remote.RemoteWebDriver.<init>(RemoteWebDriver.java:110)
	at org.openqa.selenium.firefox.FirefoxDriver.<init>(FirefoxDriver.java:188)
	at org.openqa.selenium.firefox.FirefoxDriver.<init>(FirefoxDriver.java:183)
	at org.openqa.selenium.firefox.FirefoxDriver.<init>(FirefoxDriver.java:100)
	at browser.webdriver.GenericRemoteWebDriverFactory.getGenericRemoteFireFoxDriver(GenericRemoteWebDriverFactory.java:91)
	at browser.webdriver.GenericRemoteWebDriverFactory.getGenericRemoteFireFoxDriver(GenericRemoteWebDriverFactory.java:100)
	at browser.webdriver.GenericRemoteWebDriverFactory.getGenericRemoteWebDriver(GenericRemoteWebDriverFactory.java:55)
	at browser.common.GenericWebDriverFactory.getGenericWebDriver(GenericWebDriverFactory.java:17)
	at browser.common.GenericWebDriverFactory.getGenericWebDriver(GenericWebDriverFactory.java:23)
	at com.wonders.utils.BaseHome.Launch(BaseHome.java:15)
	at com.wonders.testcases.base.TC_JIRA_BASE_001.setup(TC_JIRA_BASE_001.java:21)
	at sun.reflect.NativeMethodAccessorImpl.invoke0(Native Method)
	at sun.reflect.NativeMethodAccessorImpl.invoke(NativeMethodAccessorImpl.java:57)
	at sun.reflect.DelegatingMethodAccessorImpl.invoke(DelegatingMethodAccessorImpl.java:43)
	at java.lang.reflect.Method.invoke(Method.java:601)
	at org.testng.internal.MethodInvocationHelper.invokeMethod(MethodInvocationHelper.java:80)
	at org.testng.internal.Invoker.invokeConfigurationMethod(Invoker.java:564)
	at org.testng.internal.Invoker.invokeConfigurations(Invoker.java:213)
	at org.testng.internal.Invoker.invokeMethod(Invoker.java:653)
	at org.testng.internal.Invoker.invokeTestMethod(Invoker.java:901)
	at org.testng.internal.Invoker.invokeTestMethods(Invoker.java:1231)
	at org.testng.internal.TestMethodWorker.invokeTestMethods(TestMethodWorker.java:128)
	at org.testng.internal.TestMethodWorker.run(TestMethodWorker.java:111)
	at org.testng.TestRunner.privateRun(TestRunner.java:767)
	at org.testng.TestRunner.run(TestRunner.java:617)
	at org.testng.SuiteRunner.runTest(SuiteRunner.java:334)
	at org.testng.SuiteRunner.runSequentially(SuiteRunner.java:329)
	at org.testng.SuiteRunner.privateRun(SuiteRunner.java:291)
	at org.testng.SuiteRunner.run(SuiteRunner.java:240)
	at org.testng.SuiteRunnerWorker.runSuite(SuiteRunnerWorker.java:52)
	at org.testng.SuiteRunnerWorker.run(SuiteRunnerWorker.java:86)
	at org.testng.TestNG.runSuitesSequentially(TestNG.java:1203)
	at org.testng.TestNG.runSuitesLocally(TestNG.java:1128)
	at org.testng.TestNG.run(TestNG.java:1036)
	at org.testng.remote.RemoteTestNG.run(RemoteTestNG.java:111)
	at org.testng.remote.RemoteTestNG.initAndRun(RemoteTestNG.java:204)
	at org.testng.remote.RemoteTestNG.main(RemoteTestNG.java:175)
Caused by: java.lang.NullPointerException: Unable to find executable for: C:\Program Files\Mozilla Firefox
	at com.google.common.base.Preconditions.checkNotNull(Preconditions.java:235)
	at org.openqa.selenium.os.UnixProcess.<init>(UnixProcess.java:61)
	at org.openqa.selenium.os.CommandLine.<init>(CommandLine.java:44)
	at org.openqa.selenium.firefox.FirefoxBinary.startProfile(FirefoxBinary.java:96)
	at org.openqa.selenium.firefox.FirefoxBinary.clean(FirefoxBinary.java:226)
	at org.openqa.selenium.firefox.internal.NewProfileExtensionConnection.start(NewProfileExtensionConnection.java:79)
	... 38 more
]]>
    </failure>
  </testcase> <!-- JIRA_BASE_001 -->
</testsuite> <!-- com.wonders.testcases.base.TC_JIRA_BASE_001 -->
