<?xml version="1.0" encoding="UTF-8"?>
<!-- Generated by org.testng.reporters.JUnitReportReporter -->
<testsuite hostname="tester-PC" name="com.wonders.testcases.base.TC_JIRA_BASE_004" tests="1" failures="1" timestamp="15 Apr 2013 05:36:01 GMT" time="102.973" errors="0">
  <testcase name="JIRA_BASE_004" time="102.973" classname="com.wonders.testcases.base.TC_JIRA_BASE_004">
    <failure type="exceptions.NoSuchElementException" message="Unable to find elment(s) by xpath=.//input[@value=&#039;²âÊÔAlterError&#039; and @type=&#039;button&#039;]|.//button[@value=&#039;²âÊÔAlterError&#039; and @type=&#039;button&#039;]|.//input[@value=&#039;²âÊÔAlterError&#039; and @type=&#039;reset&#039;]">
      <![CDATA[exceptions.NoSuchElementException: Unable to find elment(s) by xpath=.//input[@value='²âÊÔAlterError' and @type='button']|.//button[@value='²âÊÔAlterError' and @type='button']|.//input[@value='²âÊÔAlterError' and @type='reset']
	at browser.webdriver.GenericRemoteSearchContext.findElements(GenericRemoteSearchContext.java:119)
	at browser.webdriver.GenericRemoteSearchContext.findButtons(GenericRemoteSearchContext.java:171)
	at browser.webdriver.GenericRemoteSearchContext.findButton(GenericRemoteSearchContext.java:153)
	at browser.webdriver.GenericRemoteSearchContext.findButton(GenericRemoteSearchContext.java:1)
	at com.wonders.pagewrapper.base.SelfPage.btnAlterError(SelfPage.java:15)
	at com.wonders.service.base.SelfPageService.clickAlterError(SelfPageService.java:17)
	at com.wonders.service.base.SelfPageService.checkAlterError(SelfPageService.java:46)
	at com.wonders.testcases.base.TC_JIRA_BASE_004.JIRA_BASE_004(TC_JIRA_BASE_004.java:39)
	at sun.reflect.NativeMethodAccessorImpl.invoke0(Native Method)
	at sun.reflect.NativeMethodAccessorImpl.invoke(NativeMethodAccessorImpl.java:57)
	at sun.reflect.DelegatingMethodAccessorImpl.invoke(DelegatingMethodAccessorImpl.java:43)
	at java.lang.reflect.Method.invoke(Method.java:601)
	at org.testng.internal.MethodInvocationHelper.invokeMethod(MethodInvocationHelper.java:80)
	at org.testng.internal.Invoker.invokeMethod(Invoker.java:714)
	at org.testng.internal.Invoker.invokeTestMethod(Invoker.java:901)
	at org.testng.internal.Invoker.invokeTestMethods(Invoker.java:1231)
	at org.testng.internal.TestMethodWorker.invokeTestMethods(TestMethodWorker.java:128)
	at org.testng.internal.TestMethodWorker.run(TestMethodWorker.java:111)
	at org.testng.TestRunner.privateRun(TestRunner.java:767)
	at org.testng.TestRunner.run(TestRunner.java:617)
	at org.testng.SuiteRunner.runTest(SuiteRunner.java:334)
	at org.testng.SuiteRunner.runSequentially(SuiteRunner.java:329)
	at org.testng.SuiteRunner.privateRun(SuiteRunner.java:291)
	at org.testng.SuiteRunner.run(SuiteRunner.java:240)
	at org.testng.SuiteRunnerWorker.runSuite(SuiteRunnerWorker.java:52)
	at org.testng.SuiteRunnerWorker.run(SuiteRunnerWorker.java:86)
	at org.testng.TestNG.runSuitesSequentially(TestNG.java:1203)
	at org.testng.TestNG.runSuitesLocally(TestNG.java:1128)
	at org.testng.TestNG.run(TestNG.java:1036)
	at org.testng.remote.RemoteTestNG.run(RemoteTestNG.java:111)
	at org.testng.remote.RemoteTestNG.initAndRun(RemoteTestNG.java:204)
	at org.testng.remote.RemoteTestNG.main(RemoteTestNG.java:175)
]]>
    </failure>
  </testcase> <!-- JIRA_BASE_004 -->
</testsuite> <!-- com.wonders.testcases.base.TC_JIRA_BASE_004 -->
