<?xml version="1.0" encoding="UTF-8"?>
<testsuite name="Test"
           tests="3"
           failures="1"
           errors="0"
           skipped="2"
           time="0.000">
  <properties />
            <testcase name="setup" time="0.000" classname="com.wonders.testcases.base.TC_JIRA_BASE_001">
                <failure type="org.openqa.selenium.firefox.UnableToCreateProfileException"
                  message="Given model profile directory does not exist: D:\Program Files\Mozilla Firefox\firefox.exe
Build info: version: &apos;2.31.0&apos;, revision: &apos;1bd294d185a80fa4206dfeab80ba773c04ac33c0&apos;, time: &apos;2013-02-27 13:51:26&apos;
System info: os.name: &apos;Windows 7&apos;, os.arch: &apos;x86&apos;, os.version: &apos;6.1&apos;, java.version: &apos;1.7.0_03&apos;
Driver info: driver.version: unknown"
              >
<![CDATA[org.openqa.selenium.firefox.UnableToCreateProfileException: Given model profile directory does not exist: D:\Program Files\Mozilla Firefox\firefox.exe
Build info: version: '2.31.0', revision: '1bd294d185a80fa4206dfeab80ba773c04ac33c0', time: '2013-02-27 13:51:26'
System info: os.name: 'Windows 7', os.arch: 'x86', os.version: '6.1', java.version: '1.7.0_03'
Driver info: driver.version: unknown
  org.openqa.selenium.firefox.FirefoxProfile.verifyModel(FirefoxProfile.java:154)
  org.openqa.selenium.firefox.FirefoxProfile.<init>(FirefoxProfile.java:92)
  org.openqa.selenium.firefox.FirefoxProfile.<init>(FirefoxProfile.java:79)
  browser.webdriver.GenericRemoteWebDriverFactory.getCustomFirefoxProfile(GenericRemoteWebDriverFactory.java:116)
  browser.webdriver.GenericRemoteWebDriverFactory.getGenericRemoteWebDriver(GenericRemoteWebDriverFactory.java:55)
  browser.common.GenericWebDriverFactory.getGenericWebDriver(GenericWebDriverFactory.java:17)
  browser.common.GenericWebDriverFactory.getGenericWebDriver(GenericWebDriverFactory.java:23)
  com.wonders.utils.BaseHome.Launch(BaseHome.java:15)
  com.wonders.testcases.base.TC_JIRA_BASE_001.setup(TC_JIRA_BASE_001.java:21)
  sun.reflect.NativeMethodAccessorImpl.invoke0(Native Method)
  sun.reflect.NativeMethodAccessorImpl.invoke(NativeMethodAccessorImpl.java:57)
  sun.reflect.DelegatingMethodAccessorImpl.invoke(DelegatingMethodAccessorImpl.java:43)
  java.lang.reflect.Method.invoke(Method.java:601)
  org.testng.internal.MethodInvocationHelper.invokeMethod(MethodInvocationHelper.java:80)
  org.testng.internal.Invoker.invokeConfigurationMethod(Invoker.java:551)
  org.testng.internal.Invoker.invokeConfigurations(Invoker.java:213)
  org.testng.internal.Invoker.invokeMethod(Invoker.java:640)
  org.testng.internal.Invoker.invokeTestMethod(Invoker.java:894)
  org.testng.internal.Invoker.invokeTestMethods(Invoker.java:1219)
  org.testng.internal.TestMethodWorker.invokeTestMethods(TestMethodWorker.java:127)
  org.testng.internal.TestMethodWorker.run(TestMethodWorker.java:111)
  org.testng.TestRunner.privateRun(TestRunner.java:768)
  org.testng.TestRunner.run(TestRunner.java:617)
  org.testng.SuiteRunner.runTest(SuiteRunner.java:334)
  org.testng.SuiteRunner.runSequentially(SuiteRunner.java:329)
  org.testng.SuiteRunner.privateRun(SuiteRunner.java:291)
  org.testng.SuiteRunner.run(SuiteRunner.java:240)
  org.testng.SuiteRunnerWorker.runSuite(SuiteRunnerWorker.java:53)
  org.testng.SuiteRunnerWorker.run(SuiteRunnerWorker.java:87)
  org.testng.TestNG.runSuitesSequentially(TestNG.java:1188)
  org.testng.TestNG.runSuitesLocally(TestNG.java:1113)
  org.testng.TestNG.run(TestNG.java:1025)
  org.apache.maven.surefire.testng.TestNGExecutor.run(TestNGExecutor.java:74)
  org.apache.maven.surefire.testng.TestNGXmlTestSuite.execute(TestNGXmlTestSuite.java:92)
  org.apache.maven.surefire.Surefire.run(Surefire.java:180)
  sun.reflect.NativeMethodAccessorImpl.invoke0(Native Method)
  sun.reflect.NativeMethodAccessorImpl.invoke(NativeMethodAccessorImpl.java:57)
  sun.reflect.DelegatingMethodAccessorImpl.invoke(DelegatingMethodAccessorImpl.java:43)
  java.lang.reflect.Method.invoke(Method.java:601)
  org.apache.maven.surefire.booter.SurefireBooter.runSuitesInProcess(SurefireBooter.java:350)
  org.apache.maven.surefire.booter.SurefireBooter.main(SurefireBooter.java:1021)
]]>
      </failure>

          </testcase>
  
            <testcase name="cleanup" time="0.0" classname="com.wonders.testcases.base.TC_JIRA_BASE_001">
          <skipped />
    </testcase>
            <testcase name="JIRA_BASE_001" time="0.0" classname="com.wonders.testcases.base.TC_JIRA_BASE_001">
          <skipped />
    </testcase>
  
  
</testsuite>
