<?xml version="1.0" encoding="UTF-8"?>
<testsuite name="Test"
           tests="5"
           failures="2"
           errors="0"
           skipped="3"
           time="0.306">
  <properties />
            <testcase name="cleanup" time="0.000" classname="com.wonders.testcases.issueFields.TC_JIRA_ISSUE_007">
                <failure type="org.openqa.selenium.remote.UnreachableBrowserException"
                  message="Error communicating with the remote browser. It may have died.
Build info: version: &apos;2.32.0&apos;, revision: &apos;6c40c187d01409a5dc3b7f8251859150c8af0bcb&apos;, time: &apos;2013-04-09 10:39:28&apos;
System info: os.name: &apos;Windows 7&apos;, os.arch: &apos;x86&apos;, os.version: &apos;6.1&apos;, java.version: &apos;1.7.0_03&apos;
Driver info: driver.version: GenericRemoteWebDriver"
              >
<![CDATA[org.openqa.selenium.remote.UnreachableBrowserException: Error communicating with the remote browser. It may have died.
Build info: version: '2.32.0', revision: '6c40c187d01409a5dc3b7f8251859150c8af0bcb', time: '2013-04-09 10:39:28'
System info: os.name: 'Windows 7', os.arch: 'x86', os.version: '6.1', java.version: '1.7.0_03'
Driver info: driver.version: GenericRemoteWebDriver
  org.openqa.selenium.remote.RemoteWebDriver.execute(RemoteWebDriver.java:548)
  org.openqa.selenium.remote.RemoteWebDriver.execute(RemoteWebDriver.java:569)
  org.openqa.selenium.remote.RemoteWebDriver.quit(RemoteWebDriver.java:423)
  browser.webdriver.GenericRemoteWebDriver.quit(GenericRemoteWebDriver.java:65)
  com.wonders.utils.BaseHome.Quit(BaseHome.java:33)
  com.wonders.testcases.issueFields.TC_JIRA_ISSUE_007.cleanup(TC_JIRA_ISSUE_007.java:35)
  sun.reflect.NativeMethodAccessorImpl.invoke0(Native Method)
  sun.reflect.NativeMethodAccessorImpl.invoke(NativeMethodAccessorImpl.java:57)
  sun.reflect.DelegatingMethodAccessorImpl.invoke(DelegatingMethodAccessorImpl.java:43)
  java.lang.reflect.Method.invoke(Method.java:601)
  org.testng.internal.MethodInvocationHelper.invokeMethod(MethodInvocationHelper.java:80)
  org.testng.internal.Invoker.invokeConfigurationMethod(Invoker.java:551)
  org.testng.internal.Invoker.invokeConfigurations(Invoker.java:213)
  org.testng.internal.Invoker.invokeMethod(Invoker.java:783)
  org.testng.internal.Invoker.invokeTestMethod(Invoker.java:894)
  org.testng.internal.Invoker.invokeTestMethods(Invoker.java:1219)
  org.testng.internal.TestMethodWorker.invokeTestMethods(TestMethodWorker.java:127)
  org.testng.internal.TestMethodWorker.run(TestMethodWorker.java:111)
  org.testng.TestRunner.privateRun(TestRunner.java:768)
  org.testng.TestRunner.run(TestRunner.java:617)
  org.testng.SuiteRunner.runTest(SuiteRunner.java:334)
  org.testng.SuiteRunner.runSequentially(SuiteRunner.java:329)
  org.testng.SuiteRunner.privateRun(SuiteRunner.java:291)
  org.testng.SuiteRunner.run(SuiteRunner.java:240)
  org.testng.SuiteRunnerWorker.runSuite(SuiteRunnerWorker.java:53)
  org.testng.SuiteRunnerWorker.run(SuiteRunnerWorker.java:87)
  org.testng.TestNG.runSuitesSequentially(TestNG.java:1188)
  org.testng.TestNG.runSuitesLocally(TestNG.java:1113)
  org.testng.TestNG.run(TestNG.java:1025)
  org.apache.maven.surefire.testng.TestNGExecutor.run(TestNGExecutor.java:74)
  org.apache.maven.surefire.testng.TestNGXmlTestSuite.execute(TestNGXmlTestSuite.java:92)
  org.apache.maven.surefire.Surefire.run(Surefire.java:180)
  sun.reflect.NativeMethodAccessorImpl.invoke0(Native Method)
  sun.reflect.NativeMethodAccessorImpl.invoke(NativeMethodAccessorImpl.java:57)
  sun.reflect.DelegatingMethodAccessorImpl.invoke(DelegatingMethodAccessorImpl.java:43)
  java.lang.reflect.Method.invoke(Method.java:601)
  org.apache.maven.surefire.booter.SurefireBooter.runSuitesInProcess(SurefireBooter.java:350)
  org.apache.maven.surefire.booter.SurefireBooter.main(SurefireBooter.java:1021)
Caused by: org.openqa.selenium.WebDriverException: org.apache.http.conn.HttpHostConnectException: Connection to http://localhost:15001 refused
Build info: version: '2.32.0', revision: '6c40c187d01409a5dc3b7f8251859150c8af0bcb', time: '2013-04-09 10:39:28'
System info: os.name: 'Windows 7', os.arch: 'x86', os.version: '6.1', java.version: '1.7.0_03'
Driver info: driver.version: GenericRemoteWebDriver
  org.openqa.selenium.remote.service.DriverCommandExecutor.execute(DriverCommandExecutor.java:75)
  org.openqa.selenium.remote.RemoteWebDriver.execute(RemoteWebDriver.java:527)
  org.openqa.selenium.remote.RemoteWebDriver.execute(RemoteWebDriver.java:569)
  org.openqa.selenium.remote.RemoteWebDriver.quit(RemoteWebDriver.java:423)
  browser.webdriver.GenericRemoteWebDriver.quit(GenericRemoteWebDriver.java:65)
  com.wonders.utils.BaseHome.Quit(BaseHome.java:33)
  com.wonders.testcases.issueFields.TC_JIRA_ISSUE_007.cleanup(TC_JIRA_ISSUE_007.java:35)
  sun.reflect.NativeMethodAccessorImpl.invoke0(Native Method)
  sun.reflect.NativeMethodAccessorImpl.invoke(NativeMethodAccessorImpl.java:57)
  sun.reflect.DelegatingMethodAccessorImpl.invoke(DelegatingMethodAccessorImpl.java:43)
  java.lang.reflect.Method.invoke(Method.java:601)
  org.testng.internal.MethodInvocationHelper.invokeMethod(MethodInvocationHelper.java:80)
  org.testng.internal.Invoker.invokeConfigurationMethod(Invoker.java:551)
  org.testng.internal.Invoker.invokeConfigurations(Invoker.java:213)
  org.testng.internal.Invoker.invokeMethod(Invoker.java:783)
  org.testng.internal.Invoker.invokeTestMethod(Invoker.java:894)
  org.testng.internal.Invoker.invokeTestMethods(Invoker.java:1219)
  org.testng.internal.TestMethodWorker.invokeTestMethods(TestMethodWorker.java:127)
  org.testng.internal.TestMethodWorker.run(TestMethodWorker.java:111)
  org.testng.TestRunner.privateRun(TestRunner.java:768)
  org.testng.TestRunner.run(TestRunner.java:617)
  org.testng.SuiteRunner.runTest(SuiteRunner.java:334)
  org.testng.SuiteRunner.runSequentially(SuiteRunner.java:329)
  org.testng.SuiteRunner.privateRun(SuiteRunner.java:291)
  org.testng.SuiteRunner.run(SuiteRunner.java:240)
  org.testng.SuiteRunnerWorker.runSuite(SuiteRunnerWorker.java:53)
  org.testng.SuiteRunnerWorker.run(SuiteRunnerWorker.java:87)
  org.testng.TestNG.runSuitesSequentially(TestNG.java:1188)
  org.testng.TestNG.runSuitesLocally(TestNG.java:1113)
  org.testng.TestNG.run(TestNG.java:1025)
  org.apache.maven.surefire.testng.TestNGExecutor.run(TestNGExecutor.java:74)
  org.apache.maven.surefire.testng.TestNGXmlTestSuite.execute(TestNGXmlTestSuite.java:92)
  org.apache.maven.surefire.Surefire.run(Surefire.java:180)
  sun.reflect.NativeMethodAccessorImpl.invoke0(Native Method)
  sun.reflect.NativeMethodAccessorImpl.invoke(NativeMethodAccessorImpl.java:57)
  sun.reflect.DelegatingMethodAccessorImpl.invoke(DelegatingMethodAccessorImpl.java:43)
  java.lang.reflect.Method.invoke(Method.java:601)
  org.apache.maven.surefire.booter.SurefireBooter.runSuitesInProcess(SurefireBooter.java:350)
  org.apache.maven.surefire.booter.SurefireBooter.main(SurefireBooter.java:1021)
Caused by: org.apache.http.conn.HttpHostConnectException: Connection to http://localhost:15001 refused
  org.apache.http.impl.conn.DefaultClientConnectionOperator.openConnection(DefaultClientConnectionOperator.java:190)
  org.apache.http.impl.conn.AbstractPoolEntry.open(AbstractPoolEntry.java:151)
  org.apache.http.impl.conn.AbstractPooledConnAdapter.open(AbstractPooledConnAdapter.java:125)
  org.apache.http.impl.client.DefaultRequestDirector.tryExecute(DefaultRequestDirector.java:701)
  org.apache.http.impl.client.DefaultRequestDirector.execute(DefaultRequestDirector.java:517)
  org.apache.http.impl.client.AbstractHttpClient.execute(AbstractHttpClient.java:906)
  org.openqa.selenium.remote.HttpCommandExecutor.fallBackExecute(HttpCommandExecutor.java:316)
  org.openqa.selenium.remote.HttpCommandExecutor.execute(HttpCommandExecutor.java:295)
  org.openqa.selenium.remote.service.DriverCommandExecutor.execute(DriverCommandExecutor.java:66)
  org.openqa.selenium.remote.RemoteWebDriver.execute(RemoteWebDriver.java:527)
  org.openqa.selenium.remote.RemoteWebDriver.execute(RemoteWebDriver.java:569)
  org.openqa.selenium.remote.RemoteWebDriver.quit(RemoteWebDriver.java:423)
  browser.webdriver.GenericRemoteWebDriver.quit(GenericRemoteWebDriver.java:65)
  com.wonders.utils.BaseHome.Quit(BaseHome.java:33)
  com.wonders.testcases.issueFields.TC_JIRA_ISSUE_007.cleanup(TC_JIRA_ISSUE_007.java:35)
  sun.reflect.NativeMethodAccessorImpl.invoke0(Native Method)
  sun.reflect.NativeMethodAccessorImpl.invoke(NativeMethodAccessorImpl.java:57)
  sun.reflect.DelegatingMethodAccessorImpl.invoke(DelegatingMethodAccessorImpl.java:43)
  java.lang.reflect.Method.invoke(Method.java:601)
  org.testng.internal.MethodInvocationHelper.invokeMethod(MethodInvocationHelper.java:80)
  org.testng.internal.Invoker.invokeConfigurationMethod(Invoker.java:551)
  org.testng.internal.Invoker.invokeConfigurations(Invoker.java:213)
  org.testng.internal.Invoker.invokeMethod(Invoker.java:783)
  org.testng.internal.Invoker.invokeTestMethod(Invoker.java:894)
  org.testng.internal.Invoker.invokeTestMethods(Invoker.java:1219)
  org.testng.internal.TestMethodWorker.invokeTestMethods(TestMethodWorker.java:127)
  org.testng.internal.TestMethodWorker.run(TestMethodWorker.java:111)
  org.testng.TestRunner.privateRun(TestRunner.java:768)
  org.testng.TestRunner.run(TestRunner.java:617)
  org.testng.SuiteRunner.runTest(SuiteRunner.java:334)
  org.testng.SuiteRunner.runSequentially(SuiteRunner.java:329)
  org.testng.SuiteRunner.privateRun(SuiteRunner.java:291)
  org.testng.SuiteRunner.run(SuiteRunner.java:240)
  org.testng.SuiteRunnerWorker.runSuite(SuiteRunnerWorker.java:53)
  org.testng.SuiteRunnerWorker.run(SuiteRunnerWorker.java:87)
  org.testng.TestNG.runSuitesSequentially(TestNG.java:1188)
  org.testng.TestNG.runSuitesLocally(TestNG.java:1113)
  org.testng.TestNG.run(TestNG.java:1025)
  org.apache.maven.surefire.testng.TestNGExecutor.run(TestNGExecutor.java:74)
  org.apache.maven.surefire.testng.TestNGXmlTestSuite.execute(TestNGXmlTestSuite.java:92)
  org.apache.maven.surefire.Surefire.run(Surefire.java:180)
  sun.reflect.NativeMethodAccessorImpl.invoke0(Native Method)
  sun.reflect.NativeMethodAccessorImpl.invoke(NativeMethodAccessorImpl.java:57)
  sun.reflect.DelegatingMethodAccessorImpl.invoke(DelegatingMethodAccessorImpl.java:43)
  java.lang.reflect.Method.invoke(Method.java:601)
  org.apache.maven.surefire.booter.SurefireBooter.runSuitesInProcess(SurefireBooter.java:350)
  org.apache.maven.surefire.booter.SurefireBooter.main(SurefireBooter.java:1021)
Caused by: java.net.ConnectException: Connection refused: connect
  java.net.DualStackPlainSocketImpl.waitForConnect(Native Method)
  java.net.DualStackPlainSocketImpl.socketConnect(DualStackPlainSocketImpl.java:75)
  java.net.AbstractPlainSocketImpl.doConnect(AbstractPlainSocketImpl.java:339)
  java.net.AbstractPlainSocketImpl.connectToAddress(AbstractPlainSocketImpl.java:200)
  java.net.AbstractPlainSocketImpl.connect(AbstractPlainSocketImpl.java:182)
  java.net.PlainSocketImpl.connect(PlainSocketImpl.java:157)
  java.net.SocksSocketImpl.connect(SocksSocketImpl.java:391)
  java.net.Socket.connect(Socket.java:579)
  org.apache.http.conn.scheme.PlainSocketFactory.connectSocket(PlainSocketFactory.java:127)
  org.apache.http.impl.conn.DefaultClientConnectionOperator.openConnection(DefaultClientConnectionOperator.java:180)
  org.apache.http.impl.conn.AbstractPoolEntry.open(AbstractPoolEntry.java:151)
  org.apache.http.impl.conn.AbstractPooledConnAdapter.open(AbstractPooledConnAdapter.java:125)
  org.apache.http.impl.client.DefaultRequestDirector.tryExecute(DefaultRequestDirector.java:701)
  org.apache.http.impl.client.DefaultRequestDirector.execute(DefaultRequestDirector.java:517)
  org.apache.http.impl.client.AbstractHttpClient.execute(AbstractHttpClient.java:906)
  org.openqa.selenium.remote.HttpCommandExecutor.fallBackExecute(HttpCommandExecutor.java:316)
  org.openqa.selenium.remote.HttpCommandExecutor.execute(HttpCommandExecutor.java:295)
  org.openqa.selenium.remote.service.DriverCommandExecutor.execute(DriverCommandExecutor.java:66)
  org.openqa.selenium.remote.RemoteWebDriver.execute(RemoteWebDriver.java:527)
  org.openqa.selenium.remote.RemoteWebDriver.execute(RemoteWebDriver.java:569)
  org.openqa.selenium.remote.RemoteWebDriver.quit(RemoteWebDriver.java:423)
  browser.webdriver.GenericRemoteWebDriver.quit(GenericRemoteWebDriver.java:65)
  com.wonders.utils.BaseHome.Quit(BaseHome.java:33)
  com.wonders.testcases.issueFields.TC_JIRA_ISSUE_007.cleanup(TC_JIRA_ISSUE_007.java:35)
  sun.reflect.NativeMethodAccessorImpl.invoke0(Native Method)
  sun.reflect.NativeMethodAccessorImpl.invoke(NativeMethodAccessorImpl.java:57)
  sun.reflect.DelegatingMethodAccessorImpl.invoke(DelegatingMethodAccessorImpl.java:43)
  java.lang.reflect.Method.invoke(Method.java:601)
  org.testng.internal.MethodInvocationHelper.invokeMethod(MethodInvocationHelper.java:80)
  org.testng.internal.Invoker.invokeConfigurationMethod(Invoker.java:551)
  org.testng.internal.Invoker.invokeConfigurations(Invoker.java:213)
  org.testng.internal.Invoker.invokeMethod(Invoker.java:783)
  org.testng.internal.Invoker.invokeTestMethod(Invoker.java:894)
  org.testng.internal.Invoker.invokeTestMethods(Invoker.java:1219)
  org.testng.internal.TestMethodWorker.invokeTestMethods(TestMethodWorker.java:127)
  org.testng.internal.TestMethodWorker.run(TestMethodWorker.java:111)
  org.testng.TestRunner.privateRun(TestRunner.java:768)
  org.testng.TestRunner.run(TestRunner.java:617)
  org.testng.SuiteRunner.runTest(SuiteRunner.java:334)
  org.testng.SuiteRunner.runSequentially(SuiteRunner.java:329)
  org.testng.SuiteRunner.privateRun(SuiteRunner.java:291)
  org.testng.SuiteRunner.run(SuiteRunner.java:240)
  org.testng.SuiteRunnerWorker.runSuite(SuiteRunnerWorker.java:53)
  org.testng.SuiteRunnerWorker.run(SuiteRunnerWorker.java:87)
  org.testng.TestNG.runSuitesSequentially(TestNG.java:1188)
  org.testng.TestNG.runSuitesLocally(TestNG.java:1113)
  org.testng.TestNG.run(TestNG.java:1025)
  org.apache.maven.surefire.testng.TestNGExecutor.run(TestNGExecutor.java:74)
  org.apache.maven.surefire.testng.TestNGXmlTestSuite.execute(TestNGXmlTestSuite.java:92)
  org.apache.maven.surefire.Surefire.run(Surefire.java:180)
  sun.reflect.NativeMethodAccessorImpl.invoke0(Native Method)
  sun.reflect.NativeMethodAccessorImpl.invoke(NativeMethodAccessorImpl.java:57)
  sun.reflect.DelegatingMethodAccessorImpl.invoke(DelegatingMethodAccessorImpl.java:43)
  java.lang.reflect.Method.invoke(Method.java:601)
  org.apache.maven.surefire.booter.SurefireBooter.runSuitesInProcess(SurefireBooter.java:350)
  org.apache.maven.surefire.booter.SurefireBooter.main(SurefireBooter.java:1021)
]]>
      </failure>

          </testcase>
            <testcase name="JIRA_ISSUE_007" time="0.306" classname="com.wonders.testcases.issueFields.TC_JIRA_ISSUE_007">
                <failure type="org.testng.internal.thread.ThreadTimeoutException"
                  message="Method org.testng.internal.TestNGMethod.JIRA_ISSUE_007() didn&apos;t finish within the time-out 300"
              >
<![CDATA[org.testng.internal.thread.ThreadTimeoutException: Method org.testng.internal.TestNGMethod.JIRA_ISSUE_007() didn't finish within the time-out 300
  java.net.SocketInputStream.socketRead0(Native Method)
  java.net.SocketInputStream.read(SocketInputStream.java:150)
  java.net.SocketInputStream.read(SocketInputStream.java:121)
  org.apache.http.impl.io.AbstractSessionInputBuffer.fillBuffer(AbstractSessionInputBuffer.java:166)
  org.apache.http.impl.io.SocketInputBuffer.fillBuffer(SocketInputBuffer.java:90)
  org.apache.http.impl.io.AbstractSessionInputBuffer.readLine(AbstractSessionInputBuffer.java:281)
  org.apache.http.impl.conn.DefaultHttpResponseParser.parseHead(DefaultHttpResponseParser.java:92)
  org.apache.http.impl.conn.DefaultHttpResponseParser.parseHead(DefaultHttpResponseParser.java:62)
  org.apache.http.impl.io.AbstractMessageParser.parse(AbstractMessageParser.java:254)
  org.apache.http.impl.AbstractHttpClientConnection.receiveResponseHeader(AbstractHttpClientConnection.java:289)
  org.apache.http.impl.conn.DefaultClientConnection.receiveResponseHeader(DefaultClientConnection.java:252)
  org.apache.http.impl.conn.AbstractClientConnAdapter.receiveResponseHeader(AbstractClientConnAdapter.java:219)
  org.apache.http.protocol.HttpRequestExecutor.doReceiveResponse(HttpRequestExecutor.java:300)
  org.apache.http.protocol.HttpRequestExecutor.execute(HttpRequestExecutor.java:127)
  org.apache.http.impl.client.DefaultRequestDirector.tryExecute(DefaultRequestDirector.java:712)
  org.apache.http.impl.client.DefaultRequestDirector.execute(DefaultRequestDirector.java:517)
  org.apache.http.impl.client.AbstractHttpClient.execute(AbstractHttpClient.java:906)
  org.openqa.selenium.remote.HttpCommandExecutor.fallBackExecute(HttpCommandExecutor.java:316)
  org.openqa.selenium.remote.HttpCommandExecutor.execute(HttpCommandExecutor.java:295)
  org.openqa.selenium.remote.service.DriverCommandExecutor.execute(DriverCommandExecutor.java:66)
  org.openqa.selenium.remote.RemoteWebDriver.execute(RemoteWebDriver.java:527)
  org.openqa.selenium.remote.RemoteWebElement.execute(RemoteWebElement.java:268)
  org.openqa.selenium.remote.RemoteWebElement.sendKeys(RemoteWebElement.java:89)
  browser.webdriver.GenericRemoteWebElement.sendKeys(GenericRemoteWebElement.java:80)
  browser.webdriver.GenericRemoteWebElement.appendText(GenericRemoteWebElement.java:96)
  browser.webdriver.GenericRemoteWebElement.typeText(GenericRemoteWebElement.java:86)
  com.wonders.service.base.LoginPageService.login(LoginPageService.java:10)
  com.wonders.testcases.issueFields.TC_JIRA_ISSUE_007.JIRA_ISSUE_007(TC_JIRA_ISSUE_007.java:55)
  sun.reflect.NativeMethodAccessorImpl.invoke0(Native Method)
  sun.reflect.NativeMethodAccessorImpl.invoke(NativeMethodAccessorImpl.java:57)
  sun.reflect.DelegatingMethodAccessorImpl.invoke(DelegatingMethodAccessorImpl.java:43)
  java.lang.reflect.Method.invoke(Method.java:601)
  org.testng.internal.MethodInvocationHelper.invokeMethod(MethodInvocationHelper.java:80)
  org.testng.internal.InvokeMethodRunnable.runOne(InvokeMethodRunnable.java:46)
  org.testng.internal.InvokeMethodRunnable.run(InvokeMethodRunnable.java:37)
  java.util.concurrent.Executors$RunnableAdapter.call(Executors.java:471)
  java.util.concurrent.FutureTask$Sync.innerRun(FutureTask.java:334)
  java.util.concurrent.FutureTask.run(FutureTask.java:166)
  java.util.concurrent.ThreadPoolExecutor.runWorker(ThreadPoolExecutor.java:1110)
  java.util.concurrent.ThreadPoolExecutor$Worker.run(ThreadPoolExecutor.java:603)
  java.lang.Thread.run(Thread.java:722)
]]>
      </failure>

          </testcase>
  
            <testcase name="cleanup" time="0.0" classname="com.wonders.testcases.issueFields.TC_JIRA_ISSUE_007">
          <skipped />
    </testcase>
            <testcase name="setup" time="0.0" classname="com.wonders.testcases.issueFields.TC_JIRA_ISSUE_007">
          <skipped />
    </testcase>
            <testcase name="JIRA_ISSUE_007" time="0.0" classname="com.wonders.testcases.issueFields.TC_JIRA_ISSUE_007">
          <skipped />
    </testcase>
  
  
</testsuite>
